<?xml version="1.0" encoding="UTF-8"?>
<!-- Generated by org.testng.reporters.JUnitXMLReporter -->
<testsuite ignored="0" hostname="Prasannas-MacBook-Pro.local" failures="0" tests="7" name="Test" time="0.161" errors="0" timestamp="24 Feb 2019 11:54:04 GMT">
  <testcase classname="testNGPraciticeVijeth.AVStestNG" name="man4" time="0.036"/>
  <testcase classname="testNGPraciticeVijeth.AVStestNG" name="done" time="0.036"/>
  <testcase classname="testNGPraciticeVijeth.AVStestNG" name="man2" time="0.041"/>
  <testcase classname="testNGPraciticeVijeth.AVStestNG" name="man" time="0.002"/>
  <testcase classname="testNGPraciticeVijeth.AVStestNG" name="man3" time="0.003"/>
  <testcase classname="testNGPraciticeVijeth.AVStestNG" name="man1" time="0.007"/>
  <testcase classname="testNGPraciticeVijeth.AVStestNG" name="man0" time="0.003"/>
</testsuite> <!-- Test -->
