<?xml version="1.0" encoding="UTF-8"?>
<testng-results ignored="0" total="7" passed="7" failed="0" skipped="0">
  <reporter-output>
  </reporter-output>
  <suite started-at="2019-02-24T12:09:46Z" name="Default suite" finished-at="2019-02-24T12:09:46Z" duration-ms="100">
    <groups>
      <group name="a">
        <method signature="AVStestNG.man()[pri:0, instance:testNGPraciticeVijeth.AVStestNG@4c39bec8]" name="man" class="testNGPraciticeVijeth.AVStestNG"/>
        <method signature="AVStestNG.man1()[pri:0, instance:testNGPraciticeVijeth.AVStestNG@4c39bec8]" name="man1" class="testNGPraciticeVijeth.AVStestNG"/>
        <method signature="AVStestNG.man3()[pri:0, instance:testNGPraciticeVijeth.AVStestNG@4c39bec8]" name="man3" class="testNGPraciticeVijeth.AVStestNG"/>
      </group> <!-- a -->
      <group name="b">
        <method signature="AVStestNG.man2()[pri:0, instance:testNGPraciticeVijeth.AVStestNG@4c39bec8]" name="man2" class="testNGPraciticeVijeth.AVStestNG"/>
        <method signature="AVStestNG.man4()[pri:0, instance:testNGPraciticeVijeth.AVStestNG@4c39bec8]" name="man4" class="testNGPraciticeVijeth.AVStestNG"/>
      </group> <!-- b -->
    </groups>
    <test started-at="2019-02-24T12:09:46Z" name="Default test" finished-at="2019-02-24T12:09:46Z" duration-ms="100">
      <class name="testNGPraciticeVijeth.AVStestNG">
        <test-method signature="done()[pri:0, instance:testNGPraciticeVijeth.AVStestNG@4c39bec8]" started-at="2019-02-24T12:09:46Z" name="done" finished-at="2019-02-24T12:09:46Z" duration-ms="16" status="PASS">
          <reporter-output>
          </reporter-output>
        </test-method> <!-- done -->
        <test-method signature="man2()[pri:0, instance:testNGPraciticeVijeth.AVStestNG@4c39bec8]" started-at="2019-02-24T12:09:46Z" name="man2" finished-at="2019-02-24T12:09:46Z" duration-ms="21" status="PASS">
          <reporter-output>
          </reporter-output>
        </test-method> <!-- man2 -->
        <test-method signature="man4()[pri:0, instance:testNGPraciticeVijeth.AVStestNG@4c39bec8]" started-at="2019-02-24T12:09:46Z" name="man4" finished-at="2019-02-24T12:09:46Z" duration-ms="2" status="PASS">
          <reporter-output>
          </reporter-output>
        </test-method> <!-- man4 -->
        <test-method signature="man()[pri:0, instance:testNGPraciticeVijeth.AVStestNG@4c39bec8]" started-at="2019-02-24T12:09:46Z" name="man" depends-on-groups="b" finished-at="2019-02-24T12:09:46Z" duration-ms="2" status="PASS">
          <reporter-output>
          </reporter-output>
        </test-method> <!-- man -->
        <test-method signature="man1()[pri:0, instance:testNGPraciticeVijeth.AVStestNG@4c39bec8]" started-at="2019-02-24T12:09:46Z" name="man1" depends-on-groups="b" finished-at="2019-02-24T12:09:46Z" duration-ms="2" status="PASS">
          <reporter-output>
          </reporter-output>
        </test-method> <!-- man1 -->
        <test-method signature="man3()[pri:0, instance:testNGPraciticeVijeth.AVStestNG@4c39bec8]" started-at="2019-02-24T12:09:46Z" name="man3" depends-on-groups="b" finished-at="2019-02-24T12:09:46Z" duration-ms="1" status="PASS">
          <reporter-output>
          </reporter-output>
        </test-method> <!-- man3 -->
        <test-method signature="man0()[pri:0, instance:testNGPraciticeVijeth.AVStestNG@4c39bec8]" started-at="2019-02-24T12:09:46Z" name="man0" depends-on-groups="a" finished-at="2019-02-24T12:09:46Z" duration-ms="7" status="PASS">
          <reporter-output>
          </reporter-output>
        </test-method> <!-- man0 -->
      </class> <!-- testNGPraciticeVijeth.AVStestNG -->
    </test> <!-- Default test -->
  </suite> <!-- Default suite -->
</testng-results>
