<?xml version="1.0" encoding="UTF-8"?>
<testng-results skipped="0" failed="0" ignored="0" total="2" passed="2">
  <reporter-output>
  </reporter-output>
  <suite name="Suite" duration-ms="10002" started-at="2019-01-31T19:06:43Z" finished-at="2019-01-31T19:06:53Z">
    <groups>
    </groups>
    <test name="TestReport2" duration-ms="10002" started-at="2019-01-31T19:06:43Z" finished-at="2019-01-31T19:06:53Z">
      <class name="test.Rest">
        <test-method status="PASS" signature="browser(java.lang.String)[pri:0, instance:test.Rest@6093dd95]" name="browser" duration-ms="6501" started-at="2019-02-01T00:36:43Z" finished-at="2019-02-01T00:36:50Z">
          <params>
            <param index="0">
              <value>
                <![CDATA[html]]>
              </value>
            </param>
          </params>
          <reporter-output>
          </reporter-output>
        </test-method> <!-- browser -->
        <test-method status="PASS" signature="navigationbrowser()[pri:1, instance:test.Rest@6093dd95]" name="navigationbrowser" duration-ms="3164" started-at="2019-02-01T00:36:50Z" finished-at="2019-02-01T00:36:53Z">
          <reporter-output>
          </reporter-output>
        </test-method> <!-- navigationbrowser -->
      </class> <!-- test.Rest -->
    </test> <!-- TestReport2 -->
  </suite> <!-- Suite -->
</testng-results>
