<?xml version="1.0" encoding="UTF-8"?>
<testng-results skipped="0" failed="0" ignored="0" total="1" passed="1">
  <reporter-output>
  </reporter-output>
  <suite name="Default suite" duration-ms="24" started-at="2018-09-10T13:32:31Z" finished-at="2018-09-10T13:32:31Z">
    <groups>
    </groups>
    <test name="Default test" duration-ms="24" started-at="2018-09-10T13:32:31Z" finished-at="2018-09-10T13:32:31Z">
      <class name="practice.FormatConversion">
        <test-method status="PASS" signature="conversion()[pri:0, instance:practice.FormatConversion@1563da5]" name="conversion" duration-ms="7" started-at="2018-09-10T13:32:31Z" finished-at="2018-09-10T13:32:31Z">
          <reporter-output>
          </reporter-output>
        </test-method> <!-- conversion -->
      </class> <!-- practice.FormatConversion -->
    </test> <!-- Default test -->
  </suite> <!-- Default suite -->
</testng-results>
