<?xml version="1.0" encoding="UTF-8"?>
<testng-results skipped="0" failed="0" ignored="0" total="1" passed="1">
  <reporter-output>
  </reporter-output>
  <suite name="Default suite" duration-ms="18" started-at="2019-01-07T10:35:37Z" finished-at="2019-01-07T10:35:37Z">
    <groups>
    </groups>
    <test name="Default test" duration-ms="18" started-at="2019-01-07T10:35:37Z" finished-at="2019-01-07T10:35:37Z">
      <class name="practiceNG.test1">
        <test-method status="PASS" signature="suite()[pri:0, instance:practiceNG.test1@7dc7cbad]" name="suite" is-config="true" duration-ms="7" started-at="2019-01-07T10:35:37Z" finished-at="2019-01-07T10:35:37Z">
          <reporter-output>
          </reporter-output>
        </test-method> <!-- suite -->
        <test-method status="PASS" signature="test()[pri:0, instance:practiceNG.test1@7dc7cbad]" name="test" is-config="true" duration-ms="0" started-at="2019-01-07T10:35:37Z" finished-at="2019-01-07T10:35:37Z">
          <reporter-output>
          </reporter-output>
        </test-method> <!-- test -->
        <test-method status="PASS" signature="bclass()[pri:0, instance:practiceNG.test1@7dc7cbad]" name="bclass" is-config="true" duration-ms="0" started-at="2019-01-07T10:35:37Z" finished-at="2019-01-07T10:35:37Z">
          <reporter-output>
          </reporter-output>
        </test-method> <!-- bclass -->
        <test-method status="PASS" signature="f()[pri:0, instance:practiceNG.test1@7dc7cbad]" name="f" duration-ms="4" started-at="2019-01-07T10:35:37Z" finished-at="2019-01-07T10:35:37Z">
          <reporter-output>
          </reporter-output>
        </test-method> <!-- f -->
        <test-method status="PASS" signature="method()[pri:0, instance:practiceNG.test1@7dc7cbad]" name="method" is-config="true" duration-ms="0" started-at="2019-01-07T10:35:37Z" finished-at="2019-01-07T10:35:37Z">
          <reporter-output>
          </reporter-output>
        </test-method> <!-- method -->
        <test-method status="PASS" signature="bclass1()[pri:0, instance:practiceNG.test1@7dc7cbad]" name="bclass1" is-config="true" duration-ms="0" started-at="2019-01-07T10:35:37Z" finished-at="2019-01-07T10:35:37Z">
          <reporter-output>
          </reporter-output>
        </test-method> <!-- bclass1 -->
        <test-method status="PASS" signature="method1()[pri:0, instance:practiceNG.test1@7dc7cbad]" name="method1" is-config="true" duration-ms="0" started-at="2019-01-07T10:35:37Z" finished-at="2019-01-07T10:35:37Z">
          <reporter-output>
          </reporter-output>
        </test-method> <!-- method1 -->
        <test-method status="PASS" signature="atest1()[pri:0, instance:practiceNG.test1@7dc7cbad]" name="atest1" is-config="true" duration-ms="0" started-at="2019-01-07T10:35:37Z" finished-at="2019-01-07T10:35:37Z">
          <reporter-output>
          </reporter-output>
        </test-method> <!-- atest1 -->
        <test-method status="PASS" signature="suite1()[pri:0, instance:practiceNG.test1@7dc7cbad]" name="suite1" is-config="true" duration-ms="0" started-at="2019-01-07T10:35:37Z" finished-at="2019-01-07T10:35:37Z">
          <reporter-output>
          </reporter-output>
        </test-method> <!-- suite1 -->
      </class> <!-- practiceNG.test1 -->
    </test> <!-- Default test -->
  </suite> <!-- Default suite -->
</testng-results>
