<?xml version="1.0" encoding="UTF-8"?>
<!-- Generated by org.testng.reporters.JUnitXMLReporter -->
<testsuite hostname="PRASANNAAN" ignored="0" name="Test" tests="5" failures="0" timestamp="25 Feb 2019 08:02:02 GMT" time="17.862" errors="0">
  <testcase name="fileInput" time="1.95" classname="ExcelFilter.FileInput1"/>
  <testcase name="fileInput" time="0.461" classname="ExcelFilter.FileInput2"/>
  <testcase name="comparename" time="8.39" classname="ExcelFilter.Compare2Files"/>
  <testcase name="retrivedata" time="0.075" classname="ExcelFilter.FileInput1"/>
  <testcase name="retrivedata" time="6.953" classname="ExcelFilter.FileInput2"/>
</testsuite> <!-- Test -->
