<?xml version="1.0" encoding="UTF-8"?>
<!-- Generated by org.testng.reporters.JUnitXMLReporter -->
<testsuite ignored="0" hostname="Prasannas-MacBook-Pro.local" failures="0" tests="7" name="Default test" time="0.1" errors="0" timestamp="24 Feb 2019 12:09:46 GMT">
  <testcase classname="testNGPraciticeVijeth.AVStestNG" name="done" time="0.016"/>
  <testcase classname="testNGPraciticeVijeth.AVStestNG" name="man2" time="0.021"/>
  <testcase classname="testNGPraciticeVijeth.AVStestNG" name="man4" time="0.002"/>
  <testcase classname="testNGPraciticeVijeth.AVStestNG" name="man" time="0.002"/>
  <testcase classname="testNGPraciticeVijeth.AVStestNG" name="man1" time="0.002"/>
  <testcase classname="testNGPraciticeVijeth.AVStestNG" name="man3" time="0.001"/>
  <testcase classname="testNGPraciticeVijeth.AVStestNG" name="man0" time="0.007"/>
</testsuite> <!-- Default test -->
