<?xml version="1.0" encoding="UTF-8"?>
<!-- Generated by org.testng.reporters.JUnitXMLReporter -->
<testsuite hostname="PRASANNAAN" ignored="0" name="TestReport" tests="1" failures="1" timestamp="30 Jan 2019 07:20:45 GMT" time="0.055" errors="0">
  <testcase name="browser" time="0.037" classname="test.Rest">
    <failure type="java.lang.IllegalStateException" message="The path to the driver executable must be set by the webdriver.chrome.driver system property; for more information, see https://github.com/SeleniumHQ/selenium/wiki/ChromeDriver. The latest version can be downloaded from http://chromedriver.storage.googleapis.com/index.html">
      <![CDATA[java.lang.IllegalStateException: The path to the driver executable must be set by the webdriver.chrome.driver system property; for more information, see https://github.com/SeleniumHQ/selenium/wiki/ChromeDriver. The latest version can be downloaded from http://chromedriver.storage.googleapis.com/index.html
at com.google.common.base.Preconditions.checkState(Preconditions.java:847)
at org.openqa.selenium.remote.service.DriverService.findExecutable(DriverService.java:125)
at org.openqa.selenium.chrome.ChromeDriverService.access$000(ChromeDriverService.java:35)
at org.openqa.selenium.chrome.ChromeDriverService$Builder.findDefaultExecutable(ChromeDriverService.java:156)
at org.openqa.selenium.remote.service.DriverService$Builder.build(DriverService.java:346)
at org.openqa.selenium.chrome.ChromeDriverService.createDefaultService(ChromeDriverService.java:91)
at org.openqa.selenium.chrome.ChromeDriver.<init>(ChromeDriver.java:123)
at test.Rest.browser(Rest.java:22)
... Removed 25 stack frames]]>
    </failure>
  </testcase> <!-- browser -->
</testsuite> <!-- TestReport -->
