<?xml version="1.0" encoding="UTF-8"?>
<testng-results ignored="0" total="1" passed="1" failed="0" skipped="0">
  <reporter-output>
  </reporter-output>
  <suite started-at="2019-02-28T19:39:23Z" name="Default suite" finished-at="2019-02-28T19:40:39Z" duration-ms="76318">
    <groups>
    </groups>
    <test started-at="2019-02-28T19:39:23Z" name="Default test" finished-at="2019-02-28T19:40:39Z" duration-ms="76318">
      <class name="com.enterpriseBot.test.TS4TC01">
        <test-method signature="dashboard()[pri:0, instance:com.enterpriseBot.test.TS4TC01@2898ac89]" started-at="2019-02-28T19:39:23Z" name="dashboard" finished-at="2019-02-28T19:40:39Z" duration-ms="76138" status="PASS">
          <reporter-output>
          </reporter-output>
        </test-method> <!-- dashboard -->
      </class> <!-- com.enterpriseBot.test.TS4TC01 -->
    </test> <!-- Default test -->
  </suite> <!-- Default suite -->
</testng-results>
