<?xml version="1.0" encoding="UTF-8"?>
<testng-results skipped="0" failed="0" ignored="0" total="1" passed="1">
  <reporter-output>
  </reporter-output>
  <suite name="Default suite" duration-ms="109714" started-at="2019-03-04T07:06:35Z" finished-at="2019-03-04T07:08:25Z">
    <groups>
    </groups>
    <test name="Default test" duration-ms="109714" started-at="2019-03-04T07:06:35Z" finished-at="2019-03-04T07:08:25Z">
      <class name="com.enterpriseBot.test.TS4TC01">
        <test-method status="PASS" signature="dashboard()[pri:0, instance:com.enterpriseBot.test.TS4TC01@6a400542]" name="dashboard" duration-ms="109689" started-at="2019-03-04T07:06:35Z" finished-at="2019-03-04T07:08:25Z">
          <reporter-output>
          </reporter-output>
        </test-method> <!-- dashboard -->
      </class> <!-- com.enterpriseBot.test.TS4TC01 -->
    </test> <!-- Default test -->
  </suite> <!-- Default suite -->
</testng-results>
