<?xml version="1.0" encoding="UTF-8"?>
<!-- Generated by org.testng.reporters.JUnitXMLReporter -->
<testsuite ignored="0" hostname="Prasannas-MacBook-Pro.local" failures="0" tests="3" name="Default test" time="6.753" errors="0" timestamp="24 Feb 2019 10:56:24 GMT">
  <testcase classname="com.practiceAny.maven.FileInput1" name="fileInput" time="5.15"/>
  <testcase classname="com.practiceAny.maven.FileInput1" name="retrivedata" time="0.309"/>
  <testcase classname="com.practiceAny.maven.FileInput1" name="write" time="1.227"/>
</testsuite> <!-- Default test -->
