<?xml version="1.0" encoding="UTF-8"?>
<!-- Generated by org.testng.reporters.JUnitXMLReporter -->
<testsuite hostname="PRASANNAAN" ignored="0" name="test" tests="24" failures="0" timestamp="29 Jan 2019 06:44:35 GMT" time="0.038" errors="0">
  <testcase name="nut" time="0.002" classname="com.maven.test.com.maven.practice.MavenClass"/>
  <testcase name="run0" time="0.002" classname="com.maven.test.com.maven.practice.MavenClass"/>
  <testcase name="run1" time="0.0" classname="com.maven.test.com.maven.practice.MavenClass"/>
  <testcase name="run2" time="0.001" classname="com.maven.test.com.maven.practice.MavenClass"/>
  <testcase name="run3" time="0.001" classname="com.maven.test.com.maven.practice.MavenClass"/>
  <testcase name="run3" time="0.001" classname="com.maven.test.com.maven.practice.MavenClass"/>
  <testcase name="run3" time="0.0" classname="com.maven.test.com.maven.practice.MavenClass"/>
  <testcase name="run3" time="0.0" classname="com.maven.test.com.maven.practice.MavenClass"/>
  <testcase name="run3" time="0.0" classname="com.maven.test.com.maven.practice.MavenClass"/>
  <testcase name="run3" time="0.0" classname="com.maven.test.com.maven.practice.MavenClass"/>
  <testcase name="run3" time="0.0" classname="com.maven.test.com.maven.practice.MavenClass"/>
  <testcase name="run3" time="0.0" classname="com.maven.test.com.maven.practice.MavenClass"/>
  <testcase name="run3" time="0.001" classname="com.maven.test.com.maven.practice.MavenClass"/>
  <testcase name="run3" time="0.001" classname="com.maven.test.com.maven.practice.MavenClass"/>
  <testcase name="run4" time="0.001" classname="com.maven.test.com.maven.practice.MavenClass"/>
  <testcase name="run4" time="0.001" classname="com.maven.test.com.maven.practice.MavenClass"/>
  <testcase name="run4" time="0.0" classname="com.maven.test.com.maven.practice.MavenClass"/>
  <testcase name="run4" time="0.0" classname="com.maven.test.com.maven.practice.MavenClass"/>
  <testcase name="run4" time="0.0" classname="com.maven.test.com.maven.practice.MavenClass"/>
  <testcase name="run4" time="0.0" classname="com.maven.test.com.maven.practice.MavenClass"/>
  <testcase name="run4" time="0.0" classname="com.maven.test.com.maven.practice.MavenClass"/>
  <testcase name="run4" time="0.0" classname="com.maven.test.com.maven.practice.MavenClass"/>
  <testcase name="run4" time="0.002" classname="com.maven.test.com.maven.practice.MavenClass"/>
  <testcase name="run4" time="0.001" classname="com.maven.test.com.maven.practice.MavenClass"/>
</testsuite> <!-- test -->
