<?xml version="1.0" encoding="UTF-8"?>
<testng-results skipped="0" failed="0" ignored="0" total="1" passed="1">
  <reporter-output>
  </reporter-output>
  <suite name="Default suite" duration-ms="501" started-at="2019-03-06T13:03:32Z" finished-at="2019-03-06T13:03:32Z">
    <groups>
    </groups>
    <test name="Default test" duration-ms="501" started-at="2019-03-06T13:03:32Z" finished-at="2019-03-06T13:03:32Z">
      <class name="com.practiceAny.maven.Filter2Files">
        <test-method status="PASS" signature="eachFile()[pri:0, instance:com.practiceAny.maven.Filter2Files@9629756]" name="eachFile" duration-ms="486" started-at="2019-03-06T13:03:32Z" finished-at="2019-03-06T13:03:32Z">
          <reporter-output>
          </reporter-output>
        </test-method> <!-- eachFile -->
      </class> <!-- com.practiceAny.maven.Filter2Files -->
    </test> <!-- Default test -->
  </suite> <!-- Default suite -->
</testng-results>
